<?xml version="1.0" encoding="UTF-8"?>
<testsuite xmlns:xsi="http://www.w3.org/2001/XMLSchema-instance" xsi:noNamespaceSchemaLocation="https://maven.apache.org/surefire/maven-surefire-plugin/xsd/surefire-test-report.xsd" version="3.0.2" name="com.example.firstcd.FirstcdApplicationTests" time="5.876" tests="1" errors="0" skipped="0" failures="0" flakes="0">
  <properties>
[...]
</properties>
  <testcase name="contextLoads" classname="com.example.firstcd.FirstcdApplicationTests" time="1.61">
    <system-out><![CDATA[04:18:01.373 [main] INFO org.springframework.test.context.support.AnnotationConfigContextLoaderUtils -- Could not detect default configuration classes for test class [com.example.firstcd.FirstcdApplicationTests]: FirstcdApplicationTests does not declare any static, non-private, non-final, nested classes annotated with @Configuration.
04:18:01.658 [main] INFO org.springframework.boot.test.context.SpringBootTestContextBootstrapper -- Found @SpringBootConfiguration com.example.firstcd.FirstcdApplication for test class com.example.firstcd.FirstcdApplicationTests
04:18:01.873 [main] INFO org.springframework.test.context.support.AnnotationConfigContextLoaderUtils -- Could not detect default configuration classes for test class [com.example.firstcd.FirstcdApplicationTests]: FirstcdApplicationTests does not declare any static, non-private, non-final, nested classes annotated with @Configuration.
04:18:01.877 [main] INFO org.springframework.boot.test.context.SpringBootTestContextBootstrapper -- Found @SpringBootConfiguration com.example.firstcd.FirstcdApplication for test class com.example.firstcd.FirstcdApplicationTests

  .   ____          _            __ _ _
 /\\ / ___'_ __ _ _(_)_ __  __ _ \ \ \ \
( ( )\___ | '_ | '_| | '_ \/ _` | \ \ \ \
 \\/  ___)| |_)| | | | | || (_| |  ) ) ) )
  '  |____| .__|_| |_|_| |_\__, | / / / /
 =========|_|==============|___/=/_/_/_/

 :: Spring Boot ::                (v4.0.7)

2026-07-31T04:18:02.676Z  INFO 8424 --- [firstcd] [           main] c.e.firstcd.FirstcdApplicationTests      : Starting FirstcdApplicationTests using Java 25.0.3 with PID 8424 (started by Administrator in C:\Users\Administrator\Downloads\firstcd\firstcd)
2026-07-31T04:18:02.679Z  INFO 8424 --- [firstcd] [           main] c.e.firstcd.FirstcdApplicationTests      : No active profile set, falling back to 1 default profile: "default"
2026-07-31T04:18:05.133Z  INFO 8424 --- [firstcd] [           main] c.e.firstcd.FirstcdApplicationTests      : Started FirstcdApplicationTests in 3.1 seconds (process running for 5.746)
]]></system-out>
    <system-err><![CDATA[Mockito is currently self-attaching to enable the inline-mock-maker. This will no longer work in future releases of the JDK. Please add Mockito as an agent to your build as described in Mockito's documentation: https://javadoc.io/doc/org.mockito/mockito-core/latest/org.mockito/org/mockito/Mockito.html#0.3
WARNING: A Java agent has been loaded dynamically (C:\Users\Administrator\.m2\repository\net\bytebuddy\byte-buddy-agent\1.17.8\byte-buddy-agent-1.17.8.jar)
WARNING: If a serviceability tool is in use, please run with -XX:+EnableDynamicAgentLoading to hide this warning
WARNING: If a serviceability tool is not in use, please run with -Djdk.instrument.traceUsage for more information
WARNING: Dynamic loading of agents will be disallowed by default in a future release
]]></system-err>
  </testcase>
</testsuite>